# JRE version: Java(TM) SE Runtime Environment (8.0_20-b26) (build 1.8.0_20-b26)
# Java VM: Java HotSpot(TM) 64-Bit Server VM (25.20-b23 mixed mode windows-amd64 compressed oops)
Heap:
 PSYoungGen      total 230912K, used 95396K [0x00000000eab00000, 0x00000000ff800000, 0x0000000100000000)
  eden space 117760K, 54% used [0x00000000eab00000,0x00000000ee9d7410,0x00000000f1e00000)
  from space 113152K, 27% used [0x00000000f1e00000,0x00000000f3c51ec8,0x00000000f8c80000)
  to   space 109568K, 0% used [0x00000000f8d00000,0x00000000f8d00000,0x00000000ff800000)
 ParOldGen       total 267776K, used 104461K [0x00000000c0000000, 0x00000000d0580000, 0x00000000eab00000)
  object space 267776K, 39% used [0x00000000c0000000,0x00000000c6603480,0x00000000d0580000)
 Metaspace       used 5414K, capacity 6768K, committed 7040K, reserved 1056768K
  class space    used 535K, capacity 616K, committed 640K, reserved 1048576K
GC Heap History (10 events):
Event: 27.402 GC heap before
{Heap before GC invocations=15 (full 3):
 PSYoungGen      total 224256K, used 221787K [0x00000000eab00000, 0x0000000100000000, 0x0000000100000000)
  eden space 114688K, 100% used [0x00000000eab00000,0x00000000f1b00000,0x00000000f1b00000)
  from space 109568K, 97% used [0x00000000f1b00000,0x00000000f8396df8,0x00000000f8600000)
  to   space 116224K, 0% used [0x00000000f8e80000,0x00000000f8e80000,0x0000000100000000)
 ParOldGen       total 166400K, used 110473K [0x00000000c0000000, 0x00000000ca280000, 0x00000000eab00000)
  object space 166400K, 66% used [0x00000000c0000000,0x00000000c6be2478,0x00000000ca280000)
 Metaspace       used 5281K, capacity 6640K, committed 6784K, reserved 1056768K
  class space    used 533K, capacity 616K, committed 640K, reserved 1048576K
Event: 27.536 GC heap after
Heap after GC invocations=15 (full 3):
 PSYoungGen      total 232960K, used 56624K [0x00000000eab00000, 0x0000000100000000, 0x0000000100000000)
  eden space 116736K, 0% used [0x00000000eab00000,0x00000000eab00000,0x00000000f1d00000)
  from space 116224K, 48% used [0x00000000f8e80000,0x00000000fc5cc178,0x0000000100000000)
  to   space 116224K, 0% used [0x00000000f1d00000,0x00000000f1d00000,0x00000000f8e80000)
 ParOldGen       total 171008K, used 170883K [0x00000000c0000000, 0x00000000ca700000, 0x00000000eab00000)
  object space 171008K, 99% used [0x00000000c0000000,0x00000000ca6e0c30,0x00000000ca700000)
 Metaspace       used 5281K, capacity 6640K, committed 6784K, reserved 1056768K
  class space    used 533K, capacity 616K, committed 640K, reserved 1048576K
}
Event: 27.536 GC heap before
{Heap before GC invocations=16 (full 4):
 PSYoungGen      total 232960K, used 56624K [0x00000000eab00000, 0x0000000100000000, 0x0000000100000000)
  eden space 116736K, 0% used [0x00000000eab00000,0x00000000eab00000,0x00000000f1d00000)
  from space 116224K, 48% used [0x00000000f8e80000,0x00000000fc5cc178,0x0000000100000000)
  to   space 116224K, 0% used [0x00000000f1d00000,0x00000000f1d00000,0x00000000f8e80000)
 ParOldGen       total 171008K, used 170883K [0x00000000c0000000, 0x00000000ca700000, 0x00000000eab00000)
  object space 171008K, 99% used [0x00000000c0000000,0x00000000ca6e0c30,0x00000000ca700000)
 Metaspace       used 5281K, capacity 6640K, committed 6784K, reserved 1056768K
  class space    used 533K, capacity 616K, committed 640K, reserved 1048576K
Event: 28.030 GC heap after
Heap after GC invocations=16 (full 4):
 PSYoungGen      total 232960K, used 0K [0x00000000eab00000, 0x0000000100000000, 0x0000000100000000)
  eden space 116736K, 0% used [0x00000000eab00000,0x00000000eab00000,0x00000000f1d00000)
  from space 116224K, 0% used [0x00000000f8e80000,0x00000000f8e80000,0x0000000100000000)
  to   space 116224K, 0% used [0x00000000f1d00000,0x00000000f1d00000,0x00000000f8e80000)
 ParOldGen       total 267776K, used 104461K [0x00000000c0000000, 0x00000000d0580000, 0x00000000eab00000)
  object space 267776K, 39% used [0x00000000c0000000,0x00000000c6603480,0x00000000d0580000)
 Metaspace       used 5281K, capacity 6640K, committed 6784K, reserved 1056768K
  class space    used 533K, capacity 616K, committed 640K, reserved 1048576K
}
Event: 28.887 GC heap before
{Heap before GC invocations=17 (full 4):
 PSYoungGen      total 232960K, used 116736K [0x00000000eab00000, 0x0000000100000000, 0x0000000100000000)
  eden space 116736K, 100% used [0x00000000eab00000,0x00000000f1d00000,0x00000000f1d00000)
  from space 116224K, 0% used [0x00000000f8e80000,0x00000000f8e80000,0x0000000100000000)
  to   space 116224K, 0% used [0x00000000f1d00000,0x00000000f1d00000,0x00000000f8e80000)
 ParOldGen       total 267776K, used 104461K [0x00000000c0000000, 0x00000000d0580000, 0x00000000eab00000)
  object space 267776K, 39% used [0x00000000c0000000,0x00000000c6603480,0x00000000d0580000)
 Metaspace       used 5281K, capacity 6640K, committed 6784K, reserved 1056768K
  class space    used 533K, capacity 616K, committed 640K, reserved 1048576K
Event: 28.925 GC heap after
Heap after GC invocations=17 (full 4):
 PSYoungGen      total 169472K, used 52442K [0x00000000eab00000, 0x00000000ffc00000, 0x0000000100000000)
  eden space 116736K, 0% used [0x00000000eab00000,0x00000000eab00000,0x00000000f1d00000)
  from space 52736K, 99% used [0x00000000f1d00000,0x00000000f5036b00,0x00000000f5080000)
  to   space 114176K, 0% used [0x00000000f8c80000,0x00000000f8c80000,0x00000000ffc00000)
 ParOldGen       total 267776K, used 104461K [0x00000000c0000000, 0x00000000d0580000, 0x00000000eab00000)
  object space 267776K, 39% used [0x00000000c0000000,0x00000000c6603480,0x00000000d0580000)
 Metaspace       used 5281K, capacity 6640K, committed 6784K, reserved 1056768K
  class space    used 533K, capacity 616K, committed 640K, reserved 1048576K
}
Event: 29.801 GC heap before
{Heap before GC invocations=18 (full 4):
 PSYoungGen      total 169472K, used 169178K [0x00000000eab00000, 0x00000000ffc00000, 0x0000000100000000)
  eden space 116736K, 100% used [0x00000000eab00000,0x00000000f1d00000,0x00000000f1d00000)
  from space 52736K, 99% used [0x00000000f1d00000,0x00000000f5036b00,0x00000000f5080000)
  to   space 114176K, 0% used [0x00000000f8c80000,0x00000000f8c80000,0x00000000ffc00000)
 ParOldGen       total 267776K, used 104461K [0x00000000c0000000, 0x00000000d0580000, 0x00000000eab00000)
  object space 267776K, 39% used [0x00000000c0000000,0x00000000c6603480,0x00000000d0580000)
 Metaspace       used 5282K, capacity 6640K, committed 6784K, reserved 1056768K
  class space    used 533K, capacity 616K, committed 640K, reserved 1048576K
Event: 30.127 GC heap after
Heap after GC invocations=18 (full 4):
 PSYoungGen      total 231936K, used 20999K [0x00000000eab00000, 0x0000000100000000, 0x0000000100000000)
  eden space 117760K, 0% used [0x00000000eab00000,0x00000000eab00000,0x00000000f1e00000)
  from space 114176K, 18% used [0x00000000f8c80000,0x00000000fa101e30,0x00000000ffc00000)
  to   space 113152K, 0% used [0x00000000f1e00000,0x00000000f1e00000,0x00000000f8c80000)
 ParOldGen       total 267776K, used 104461K [0x00000000c0000000, 0x00000000d0580000, 0x00000000eab00000)
  object space 267776K, 39% used [0x00000000c0000000,0x00000000c6603480,0x00000000d0580000)
 Metaspace       used 5282K, capacity 6640K, committed 6784K, reserved 1056768K
  class space    used 533K, capacity 616K, committed 640K, reserved 1048576K
}
Event: 31.431 GC heap before
{Heap before GC invocations=19 (full 4):
 PSYoungGen      total 231936K, used 138759K [0x00000000eab00000, 0x0000000100000000, 0x0000000100000000)
  eden space 117760K, 100% used [0x00000000eab00000,0x00000000f1e00000,0x00000000f1e00000)
  from space 114176K, 18% used [0x00000000f8c80000,0x00000000fa101e30,0x00000000ffc00000)
  to   space 113152K, 0% used [0x00000000f1e00000,0x00000000f1e00000,0x00000000f8c80000)
 ParOldGen       total 267776K, used 104461K [0x00000000c0000000, 0x00000000d0580000, 0x00000000eab00000)
  object space 267776K, 39% used [0x00000000c0000000,0x00000000c6603480,0x00000000d0580000)
 Metaspace       used 5282K, capacity 6640K, committed 6784K, reserved 1056768K
  class space    used 533K, capacity 616K, committed 640K, reserved 1048576K
Event: 31.616 GC heap after
Heap after GC invocations=19 (full 4):
 PSYoungGen      total 230912K, used 31047K [0x00000000eab00000, 0x00000000ff800000, 0x0000000100000000)
  eden space 117760K, 0% used [0x00000000eab00000,0x00000000eab00000,0x00000000f1e00000)
  from space 113152K, 27% used [0x00000000f1e00000,0x00000000f3c51ec8,0x00000000f8c80000)
  to   space 109568K, 0% used [0x00000000f8d00000,0x00000000f8d00000,0x00000000ff800000)
 ParOldGen       total 267776K, used 104461K [0x00000000c0000000, 0x00000000d0580000, 0x00000000eab00000)
  object space 267776K, 39% used [0x00000000c0000000,0x00000000c6603480,0x00000000d0580000)
 Metaspace       used 5282K, capacity 6640K, committed 6784K, reserved 1056768K
  class space    used 533K, capacity 616K, committed 640K, reserved 1048576K
}

